File: output/derived/prescrape/pre1790/similar_names/similar_names_ny.csv

MD5 hash: 1dc99413629ce2063bf7db3be56b07d9

Keys: row_id 

                                          type  count   unique       mean        std        min        50%         max
row_id                                   int64  4,426           2,212.500  1,277.820      0.000  2,212.500   4,425.000
org_file                                   str  4,426        3                                                        
org_index                                  str  4,426    4,405                                                        
state                                      str  4,426        1                                                        
date of the certificate | year         float64  2,872           1,782.788      3.058  1,777.000  1,784.000   1,787.000
date of the certificate | month        float64  2,872               6.108      3.132      1.000      6.000      12.000
date of the certificate | day          float64  2,872              15.520      8.773      1.000     15.000      31.000
to whom due | title                        str     50        3                                                        
to whom due | first name                   str  4,426      669                                                        
to whom due | last name                    str  4,426    2,155                                                        
to whom due | title.1                      str      0        0                                                        
to whom due | first name.1                 str     21       17                                                        
to whom due | last name.1                  str     20       16                                                        
amount | dollars                       float64  4,426             463.978  1,252.450      1.000    102.590  31,000.000
amount in specie | dollars             float64    947             169.401    244.757      5.000     51.364   1,000.000
letter                                     str  1,925       14                                                        
time when the debt became due | month  float64  1,925               5.265      3.547      1.000      5.000      12.000
time when the debt became due | day     object  1,925       48                                                        
time when the debt became due | year    object  1,925       13                                                        
amount | 90th                           object  4,426  141.000                                                        
line strike through? | yes?            float64  1,856               1.000      0.000      1.000      1.000       1.000
line strike through? | note                str  1,866      394                                                        
notes                                      str     66       12                                                        
amount | 10th                          float64      0                                                                 
exchange                                   str      0        0                                                        
amount in specie | cents               float64      0                                                                 
amount | 8th                           float64      0                                                                 
delivered | month                      float64      0                                                                 
delivered | day                        float64      0                                                                 
delivered | year                       float64      0                                                                 
total dollars | notes                      str      0        0                                                        
total dollars | notes.1                float64      0                                                                 
organization?                             bool  4,426        1                                                        
final_agg_debt index                       str  4,426    4,426                                                        
deceased?                                 bool  4,426        2                                                        
full name                                  str  4,426    3,384                                                        
matches                                    str  4,426    3,317                                                        

