*** Builder log created: {2026-03-08 17:06:06}
*** Builder log completed: {2026-03-08 17:06:13}
Python did not run successfully. Please check that the executable, source, and target files are correctly specified. Check output/analysis/debt_analysis/sconscript.log and sconstruct.log for errors. 
Command tried: "python"  source/analysis/debt_analysis/analyze_notable_holdings.py  > output/analysis/debt_analysis/sconscript.log
Traceback (most recent call last):
  File "/Users/cliao/Documents/GitHub/SPEOC-pt-1/source/analysis/debt_analysis/analyze_notable_holdings.py", line 41, in <module>
    df = pd.read_csv(file_path, low_memory=False)
         ^^^^^^^^^^^^^^^^^^^^^^^^^^^^^^^^^^^^^^^^
  File "/opt/anaconda3/envs/SPEOC/lib/python3.11/site-packages/pandas/io/parsers/readers.py", line 873, in read_csv
    return _read(filepath_or_buffer, kwds)
           ^^^^^^^^^^^^^^^^^^^^^^^^^^^^^^^
  File "/opt/anaconda3/envs/SPEOC/lib/python3.11/site-packages/pandas/io/parsers/readers.py", line 300, in _read
    parser = TextFileReader(filepath_or_buffer, **kwds)
             ^^^^^^^^^^^^^^^^^^^^^^^^^^^^^^^^^^^^^^^^^^
  File "/opt/anaconda3/envs/SPEOC/lib/python3.11/site-packages/pandas/io/parsers/readers.py", line 1645, in __init__
    self._engine = self._make_engine(f, self.engine)
                   ^^^^^^^^^^^^^^^^^^^^^^^^^^^^^^^^^
  File "/opt/anaconda3/envs/SPEOC/lib/python3.11/site-packages/pandas/io/parsers/readers.py", line 1904, in _make_engine
    self.handles = get_handle(
                   ^^^^^^^^^^^
  File "/opt/anaconda3/envs/SPEOC/lib/python3.11/site-packages/pandas/io/common.py", line 926, in get_handle
    handle = open(
             ^^^^^
FileNotFoundError: [Errno 2] No such file or directory: 'output/derived/pre1790/pre1790_cleaned.csv'


*** Builder log created: {2026-03-08 17:06:06}
*** Builder log completed: {2026-03-08 17:06:13}
Python did not run successfully. Please check that the executable, source, and target files are correctly specified. Check output/analysis/debt_analysis/sconscript.log and sconstruct.log for errors. 
Command tried: "python"  source/analysis/debt_analysis/analyze_hamilton_public_debt.py  > output/analysis/debt_analysis/sconscript.log
Traceback (most recent call last):
  File "/Users/cliao/Documents/GitHub/SPEOC-pt-1/source/analysis/debt_analysis/analyze_hamilton_public_debt.py", line 12, in <module>
    debt_data = pd.read_csv(data_path)
                ^^^^^^^^^^^^^^^^^^^^^^
  File "/opt/anaconda3/envs/SPEOC/lib/python3.11/site-packages/pandas/io/parsers/readers.py", line 873, in read_csv
    return _read(filepath_or_buffer, kwds)
           ^^^^^^^^^^^^^^^^^^^^^^^^^^^^^^^
  File "/opt/anaconda3/envs/SPEOC/lib/python3.11/site-packages/pandas/io/parsers/readers.py", line 300, in _read
    parser = TextFileReader(filepath_or_buffer, **kwds)
             ^^^^^^^^^^^^^^^^^^^^^^^^^^^^^^^^^^^^^^^^^^
  File "/opt/anaconda3/envs/SPEOC/lib/python3.11/site-packages/pandas/io/parsers/readers.py", line 1645, in __init__
    self._engine = self._make_engine(f, self.engine)
                   ^^^^^^^^^^^^^^^^^^^^^^^^^^^^^^^^^
  File "/opt/anaconda3/envs/SPEOC/lib/python3.11/site-packages/pandas/io/parsers/readers.py", line 1904, in _make_engine
    self.handles = get_handle(
                   ^^^^^^^^^^^
  File "/opt/anaconda3/envs/SPEOC/lib/python3.11/site-packages/pandas/io/common.py", line 926, in get_handle
    handle = open(
             ^^^^^
FileNotFoundError: [Errno 2] No such file or directory: 'output/derived/post1790_cd/final_data_CD.csv'


*** Builder log created: {2026-03-08 17:06:06}
*** Builder log completed: {2026-03-08 17:06:13}
Python did not run successfully. Please check that the executable, source, and target files are correctly specified. Check output/analysis/debt_analysis/sconscript.log and sconstruct.log for errors. 
Command tried: "python"  source/analysis/debt_analysis/match_treasurers.py  > output/analysis/debt_analysis/sconscript.log
Traceback (most recent call last):
  File "/Users/cliao/Documents/GitHub/SPEOC-pt-1/source/analysis/debt_analysis/match_treasurers.py", line 75, in <module>
    Main()
  File "/Users/cliao/Documents/GitHub/SPEOC-pt-1/source/analysis/debt_analysis/match_treasurers.py", line 29, in Main
    SearchLiquidatedDebt()
  File "/Users/cliao/Documents/GitHub/SPEOC-pt-1/source/analysis/debt_analysis/match_treasurers.py", line 37, in SearchLiquidatedDebt
    df = pd.read_csv(input_csv, usecols=["raw_name", "state", "Dollars", "90th"], low_memory=False)
         ^^^^^^^^^^^^^^^^^^^^^^^^^^^^^^^^^^^^^^^^^^^^^^^^^^^^^^^^^^^^^^^^^^^^^^^^^^^^^^^^^^^^^^^^^^
  File "/opt/anaconda3/envs/SPEOC/lib/python3.11/site-packages/pandas/io/parsers/readers.py", line 873, in read_csv
    return _read(filepath_or_buffer, kwds)
           ^^^^^^^^^^^^^^^^^^^^^^^^^^^^^^^
  File "/opt/anaconda3/envs/SPEOC/lib/python3.11/site-packages/pandas/io/parsers/readers.py", line 300, in _read
    parser = TextFileReader(filepath_or_buffer, **kwds)
             ^^^^^^^^^^^^^^^^^^^^^^^^^^^^^^^^^^^^^^^^^^
  File "/opt/anaconda3/envs/SPEOC/lib/python3.11/site-packages/pandas/io/parsers/readers.py", line 1645, in __init__
    self._engine = self._make_engine(f, self.engine)
                   ^^^^^^^^^^^^^^^^^^^^^^^^^^^^^^^^^
  File "/opt/anaconda3/envs/SPEOC/lib/python3.11/site-packages/pandas/io/parsers/readers.py", line 1904, in _make_engine
    self.handles = get_handle(
                   ^^^^^^^^^^^
  File "/opt/anaconda3/envs/SPEOC/lib/python3.11/site-packages/pandas/io/common.py", line 926, in get_handle
    handle = open(
             ^^^^^
FileNotFoundError: [Errno 2] No such file or directory: 'output/derived/pre1790/liquidated_debt_certificates_combined.csv'


